{"name": "test_login_to_application", "status": "failed", "statusDetails": {"message": "AssertionError", "trace": "self = <tests.Test_LoginPage.TestLoginPage object at 0x000001F2BB90F790>\n\n    @allure.story('Verify login functionality working fine')\n    def test_login_to_application(self):\n        self.logger.info(\"Login to application test execution start\")\n        self.loginPage = LoginPage(self.driver)\n>       self.loginPage.login_to_application(ReadConfig.get_username(), ReadConfig.get_password())\n\ntests\\Test_LoginPage.py:43: \n_ _ _ _ _ _ _ _ _ _ _ _ _ _ _ _ _ _ _ _ _ _ _ _ _ _ _ _ _ _ _ _ _ _ _ _ _ _ _ _ _ _ _ _ _ _ _ _ _ _ _ _ _ _ _ _ _ _ _ _ _ _ _ _ _ _ _ _ _ _ _ _ _ _ _ _ _ _ _ _ _ _ \n\nself = <pages.LoginPage.LoginPage object at 0x000001F2BB9A5F40>, username = 'admin@yourstore.com', password = 'admin'\n\n    def login_to_application(self, username, password):\n        self.element_clear(self.textbox_email)\n        self.enter_text_into_element(self.textbox_email, username)\n        self.element_clear(self.textbox_password)\n        self.enter_text_into_element(self.textbox_password, password)\n        self.element_click(self.button_login)\n>       assert 3 == 4\nE       AssertionError\n\npages\\LoginPage.py:34: AssertionError"}, "attachments": [{"name": "log", "source": "88e1aeaa-c3cc-4a51-a36c-396325b76c82-attachment.txt", "type": "text/plain"}], "start": 1614429333785, "stop": 1614429345098, "uuid": "9233b776-32a3-40bb-90f5-edc30420e2f4", "historyId": "0ba6324ec43e3ca81a164659bc5a7aa8", "testCaseId": "319ef642f28f883c8691c5f71753de9d", "fullName": "tests.Test_LoginPage.TestLoginPage#test_login_to_application", "labels": [{"name": "feature", "value": "Login Feature"}, {"name": "story", "value": "Verify login functionality working fine"}, {"name": "tag", "value": "@pytest.mark.usefixtures('init_driver')"}, {"name": "parentSuite", "value": "tests"}, {"name": "suite", "value": "Test_LoginPage"}, {"name": "subSuite", "value": "TestLoginPage"}, {"name": "host", "value": "DESKTOP-69A82KC"}, {"name": "thread", "value": "11656-MainThread"}, {"name": "framework", "value": "pytest"}, {"name": "language", "value": "cpython3"}, {"name": "package", "value": "tests.Test_LoginPage"}]}